Error: ENOENT: no such file or directory, stat 'c:\Users\user\Desktop\webgis\backEnd\node_modules\.staging\@mapbox\node-pre-gyp-7d3e99c7\lib\reveal.js'
	at statSync (fs.js:1086:3)
	at Object.e.statSync (electron/js2c/asar_bundle.js:5:4315)
	at Object.statSync (c:\Users\user\.vscode\extensions\qiu8310.dot-template-vscode-0.3.0\node_modules\graceful-fs\polyfills.js:308:16)
	at isFileEmpty (c:\Users\user\.vscode\extensions\qiu8310.dot-template-vscode-0.3.0\node_modules\dot-template-core\out\core\commands\Command.js:65:79)
	at c:\Users\user\.vscode\extensions\qiu8310.dot-template-vscode-0.3.0\node_modules\dot-template-core\out\core\commands\Command.js:72:80
	at Array.filter (<anonymous>)
	at CreateTemplateFilesCommand.Command.filter (c:\Users\user\.vscode\extensions\qiu8310.dot-template-vscode-0.3.0\node_modules\dot-template-core\out\core\commands\Command.js:70:14)
	at new CreateTemplateFilesCommand (c:\Users\user\.vscode\extensions\qiu8310.dot-template-vscode-0.3.0\node_modules\dot-template-core\out\core\commands\CreateTemplateFilesCommand.js:31:29)
	at c:\Users\user\.vscode\extensions\qiu8310.dot-template-vscode-0.3.0\node_modules\dot-template-core\out\core\Commander.js:160:80
	at Commander.<anonymous> (c:\Users\user\.vscode\extensions\qiu8310.dot-template-vscode-0.3.0\node_modules\dot-template-core\out\core\Commander.js:129:46)
	at step (c:\Users\user\.vscode\extensions\qiu8310.dot-template-vscode-0.3.0\node_modules\dot-template-core\node_modules\tslib\tslib.js:133:27)
	at Object.next (c:\Users\user\.vscode\extensions\qiu8310.dot-template-vscode-0.3.0\node_modules\dot-template-core\node_modules\tslib\tslib.js:114:57)
	at c:\Users\user\.vscode\extensions\qiu8310.dot-template-vscode-0.3.0\node_modules\dot-template-core\node_modules\tslib\tslib.js:107:75
	at new Promise (<anonymous>)
	at Object.__awaiter (c:\Users\user\.vscode\extensions\qiu8310.dot-template-vscode-0.3.0\node_modules\dot-template-core\node_modules\tslib\tslib.js:103:16)
	at Commander.wrap (c:\Users\user\.vscode\extensions\qiu8310.dot-template-vscode-0.3.0\node_modules\dot-template-core\out\core\Commander.js:123:24)
	at Commander.<anonymous> (c:\Users\user\.vscode\extensions\qiu8310.dot-template-vscode-0.3.0\node_modules\dot-template-core\out\core\Commander.js:160:44)
	at step (c:\Users\user\.vscode\extensions\qiu8310.dot-template-vscode-0.3.0\node_modules\dot-template-core\node_modules\tslib\tslib.js:133:27)
	at Object.next (c:\Users\user\.vscode\extensions\qiu8310.dot-template-vscode-0.3.0\node_modules\dot-template-core\node_modules\tslib\tslib.js:114:57)
	at c:\Users\user\.vscode\extensions\qiu8310.dot-template-vscode-0.3.0\node_modules\dot-template-core\node_modules\tslib\tslib.js:107:75
	at new Promise (<anonymous>)
	at Object.__awaiter (c:\Users\user\.vscode\extensions\qiu8310.dot-template-vscode-0.3.0\node_modules\dot-template-core\node_modules\tslib\tslib.js:103:16)
	at Commander.addCreateTemplateFilesCommand (c:\Users\user\.vscode\extensions\qiu8310.dot-template-vscode-0.3.0\node_modules\dot-template-core\out\core\Commander.js:157:24)
	at Application.<anonymous> (c:\Users\user\.vscode\extensions\qiu8310.dot-template-vscode-0.3.0\node_modules\dot-template-core\out\core\Application.js:49:61)
	at step (c:\Users\user\.vscode\extensions\qiu8310.dot-template-vscode-0.3.0\node_modules\dot-template-core\node_modules\tslib\tslib.js:133:27)
	at Object.next (c:\Users\user\.vscode\extensions\qiu8310.dot-template-vscode-0.3.0\node_modules\dot-template-core\node_modules\tslib\tslib.js:114:57)
	at c:\Users\user\.vscode\extensions\qiu8310.dot-template-vscode-0.3.0\node_modules\dot-template-core\node_modules\tslib\tslib.js:107:75
	at new Promise (<anonymous>)
	at Object.__awaiter (c:\Users\user\.vscode\extensions\qiu8310.dot-template-vscode-0.3.0\node_modules\dot-template-core\node_modules\tslib\tslib.js:103:16)
	at Application.createTemplateFiles (c:\Users\user\.vscode\extensions\qiu8310.dot-template-vscode-0.3.0\node_modules\dot-template-core\out\core\Application.js:47:28)
	at Application.<anonymous> (c:\Users\user\.vscode\extensions\qiu8310.dot-template-vscode-0.3.0\node_modules\dot-template-core\out\core\Application.js:109:51)
	at step (c:\Users\user\.vscode\extensions\qiu8310.dot-template-vscode-0.3.0\node_modules\dot-template-core\node_modules\tslib\tslib.js:133:27)
	at Object.next (c:\Users\user\.vscode\extensions\qiu8310.dot-template-vscode-0.3.0\node_modules\dot-template-core\node_modules\tslib\tslib.js:114:57)
	at c:\Users\user\.vscode\extensions\qiu8310.dot-template-vscode-0.3.0\node_modules\dot-template-core\node_modules\tslib\tslib.js:107:75
	at new Promise (<anonymous>)
	at Object.__awaiter (c:\Users\user\.vscode\extensions\qiu8310.dot-template-vscode-0.3.0\node_modules\dot-template-core\node_modules\tslib\tslib.js:103:16)
	at run (c:\Users\user\.vscode\extensions\qiu8310.dot-template-vscode-0.3.0\node_modules\dot-template-core\out\core\Application.js:84:48)
	at Application.<anonymous> (c:\Users\user\.vscode\extensions\qiu8310.dot-template-vscode-0.3.0\node_modules\dot-template-core\out\core\Application.js:153:50)
	at step (c:\Users\user\.vscode\extensions\qiu8310.dot-template-vscode-0.3.0\node_modules\dot-template-core\node_modules\tslib\tslib.js:133:27)
	at Object.next (c:\Users\user\.vscode\extensions\qiu8310.dot-template-vscode-0.3.0\node_modules\dot-template-core\node_modules\tslib\tslib.js:114:57)
	at c:\Users\user\.vscode\extensions\qiu8310.dot-template-vscode-0.3.0\node_modules\dot-template-core\node_modules\tslib\tslib.js:107:75
	at new Promise (<anonymous>)
	at Object.__awaiter (c:\Users\user\.vscode\extensions\qiu8310.dot-template-vscode-0.3.0\node_modules\dot-template-core\node_modules\tslib\tslib.js:103:16)
	at Timeout._onTimeout (c:\Users\user\.vscode\extensions\qiu8310.dot-template-vscode-0.3.0\node_modules\dot-template-core\out\core\Application.js:144:59)
	at listOnTimeout (internal/timers.js:554:17)
	at processTimers (internal/timers.js:497:7)